<?xml version="1.0" encoding="UTF-8"?>
<testng-results ignored="0" total="3" passed="3" failed="0" skipped="0">
  <reporter-output>
  </reporter-output>
  <suite started-at="2023-11-30T16:00:18 IST" name="Default suite" finished-at="2023-11-30T16:00:28 IST" duration-ms="10926">
    <groups>
      <group name="cucumber">
        <method signature="AbstractTestNGCucumberTests.runScenario(io.cucumber.testng.PickleWrapper,io.cucumber.testng.FeatureWrapper)[pri:0, instance:cucumberOptions.ExerciseTwoTestNGTester@3de8f619]" name="runScenario" class="io.cucumber.testng.AbstractTestNGCucumberTests"/>
      </group> <!-- cucumber -->
    </groups>
    <test started-at="2023-11-30T16:00:18 IST" name="Default test" finished-at="2023-11-30T16:00:28 IST" duration-ms="10926">
      <class name="cucumberOptions.ExerciseTwoTestNGTester">
        <test-method is-config="true" signature="setUpClass(org.testng.ITestContext)[pri:0, instance:cucumberOptions.ExerciseTwoTestNGTester@3de8f619]" started-at="2023-11-30T16:00:18 IST" name="setUpClass" finished-at="2023-11-30T16:00:18 IST" duration-ms="215" status="PASS">
          <params>
            <param index="0">
              <value>
                <![CDATA[org.testng.TestRunner@2152ab30]]>
              </value>
            </param>
          </params>
          <reporter-output>
          </reporter-output>
        </test-method> <!-- setUpClass -->
        <test-method signature="runScenario(io.cucumber.testng.PickleWrapper,io.cucumber.testng.FeatureWrapper)[pri:0, instance:cucumberOptions.ExerciseTwoTestNGTester@3de8f619]" started-at="2023-11-30T16:00:18 IST" name="runScenario" description="Runs Cucumber Scenarios" data-provider="scenarios" finished-at="2023-11-30T16:00:22 IST" duration-ms="4076" status="PASS">
          <params>
            <param index="0">
              <value>
                <![CDATA["To test given LoginPage"]]>
              </value>
            </param>
            <param index="1">
              <value>
                <![CDATA["To test the Given LoginPage Test Scenarios"]]>
              </value>
            </param>
          </params>
          <reporter-output>
          </reporter-output>
        </test-method> <!-- runScenario -->
        <test-method signature="runScenario(io.cucumber.testng.PickleWrapper,io.cucumber.testng.FeatureWrapper)[pri:0, instance:cucumberOptions.ExerciseTwoTestNGTester@3de8f619]" started-at="2023-11-30T16:00:22 IST" name="runScenario" description="Runs Cucumber Scenarios" data-provider="scenarios" finished-at="2023-11-30T16:00:26 IST" duration-ms="3953" status="PASS">
          <params>
            <param index="0">
              <value>
                <![CDATA["performing Login Page Functionalities"]]>
              </value>
            </param>
            <param index="1">
              <value>
                <![CDATA["Performing LoginCredentials with Valid and Invalid Operations"]]>
              </value>
            </param>
          </params>
          <reporter-output>
          </reporter-output>
        </test-method> <!-- runScenario -->
        <test-method signature="runScenario(io.cucumber.testng.PickleWrapper,io.cucumber.testng.FeatureWrapper)[pri:0, instance:cucumberOptions.ExerciseTwoTestNGTester@3de8f619]" started-at="2023-11-30T16:00:26 IST" name="runScenario" description="Runs Cucumber Scenarios" data-provider="scenarios" finished-at="2023-11-30T16:00:28 IST" duration-ms="2623" status="PASS">
          <params>
            <param index="0">
              <value>
                <![CDATA["Test the Login Page"]]>
              </value>
            </param>
            <param index="1">
              <value>
                <![CDATA["Testing LoginPageTest"]]>
              </value>
            </param>
          </params>
          <reporter-output>
          </reporter-output>
        </test-method> <!-- runScenario -->
        <test-method is-config="true" signature="tearDownClass()[pri:0, instance:cucumberOptions.ExerciseTwoTestNGTester@3de8f619]" started-at="2023-11-30T16:00:28 IST" name="tearDownClass" finished-at="2023-11-30T16:00:28 IST" duration-ms="3" status="PASS">
          <reporter-output>
          </reporter-output>
        </test-method> <!-- tearDownClass -->
      </class> <!-- cucumberOptions.ExerciseTwoTestNGTester -->
    </test> <!-- Default test -->
  </suite> <!-- Default suite -->
</testng-results>
